[0718/180802:ERROR:renderer_main.cc(203)] Running without renderer sandbox
[0718/180804:ERROR:child_discardable_shared_memory_manager.cc(266)] size: 4194304
[0718/180929:INFO:CONSOLE(0)] "Mixed Content: The page at 'https://sns.qzone.qq.com/cgi-bin/qzshare/cgi_qzshare_onekey?url=http%3A%2F%2Fwww.imooc.com%2Flearn%2F277%230-qzone-1-15308-d020d2d2a4e8d1a374a433f596ad1440&title=%E6%88%91%E6%AD%A3%E5%9C%A8%E5%8F%82%E5%8A%A0%40%E6%85%95%E8%AF%BE%E7%BD%91%C2%A0%20%E7%9A%84%E4%B8%80%E9%97%A8%E8%AF%BE%E7%A8%8B%E3%80%90JavaScript%E6%B7%B1%E5%85%A5%E6%B5%85%E5%87%BA%E3%80%91%EF%BC%8C%E5%BE%88%E4%B8%8D%E9%94%99%E5%93%A6%EF%BC%81%E5%BF%AB%E6%9D%A5%E4%B8%80%E8%B5%B7%E5%AD%A6%E4%B9%A0%E5%90%A7%EF%BC%81&desc=&summary=&site=&pics=http%3A%2F%2Fimg.mukewang.com%2Fstatic%2Fimg%2Fcommon%2Flogo.png' was loaded over HTTPS, but requested an insecure image 'http://img.mukewang.com/585b526f0001873106820682-80-80.jpg'. This content should also be served over HTTPS.", source: https://sns.qzone.qq.com/cgi-bin/qzshare/cgi_qzshare_onekey?url=http%3A%2F%2Fwww.imooc.com%2Flearn%2F277%230-qzone-1-15308-d020d2d2a4e8d1a374a433f596ad1440&title=%E6%88%91%E6%AD%A3%E5%9C%A8%E5%8F%82%E5%8A%A0%40%E6%85%95%E8%AF%BE%E7%BD%91%C2%A0%20%E7%9A%84%E4%B8%80%E9%97%A8%E8%AF%BE%E7%A8%8B%E3%80%90JavaScript%E6%B7%B1%E5%85%A5%E6%B5%85%E5%87%BA%E3%80%91%EF%BC%8C%E5%BE%88%E4%B8%8D%E9%94%99%E5%93%A6%EF%BC%81%E5%BF%AB%E6%9D%A5%E4%B8%80%E8%B5%B7%E5%AD%A6%E4%B9%A0%E5%90%A7%EF%BC%81&desc=&summary=&site=&pics=http%3A%2F%2Fimg.mukewang.com%2Fstatic%2Fimg%2Fcommon%2Flogo.png (0)
[0718/180929:INFO:CONSOLE(0)] "Mixed Content: The page at 'https://sns.qzone.qq.com/cgi-bin/qzshare/cgi_qzshare_onekey?url=http%3A%2F%2Fwww.imooc.com%2Flearn%2F277%230-qzone-1-15308-d020d2d2a4e8d1a374a433f596ad1440&title=%E6%88%91%E6%AD%A3%E5%9C%A8%E5%8F%82%E5%8A%A0%40%E6%85%95%E8%AF%BE%E7%BD%91%C2%A0%20%E7%9A%84%E4%B8%80%E9%97%A8%E8%AF%BE%E7%A8%8B%E3%80%90JavaScript%E6%B7%B1%E5%85%A5%E6%B5%85%E5%87%BA%E3%80%91%EF%BC%8C%E5%BE%88%E4%B8%8D%E9%94%99%E5%93%A6%EF%BC%81%E5%BF%AB%E6%9D%A5%E4%B8%80%E8%B5%B7%E5%AD%A6%E4%B9%A0%E5%90%A7%EF%BC%81&desc=&summary=&site=&pics=http%3A%2F%2Fimg.mukewang.com%2Fstatic%2Fimg%2Fcommon%2Flogo.png' was loaded over HTTPS, but requested an insecure image 'http://img.mukewang.com/static/img/common/logo.png'. This content should also be served over HTTPS.", source: https://sns.qzone.qq.com/cgi-bin/qzshare/cgi_qzshare_onekey?url=http%3A%2F%2Fwww.imooc.com%2Flearn%2F277%230-qzone-1-15308-d020d2d2a4e8d1a374a433f596ad1440&title=%E6%88%91%E6%AD%A3%E5%9C%A8%E5%8F%82%E5%8A%A0%40%E6%85%95%E8%AF%BE%E7%BD%91%C2%A0%20%E7%9A%84%E4%B8%80%E9%97%A8%E8%AF%BE%E7%A8%8B%E3%80%90JavaScript%E6%B7%B1%E5%85%A5%E6%B5%85%E5%87%BA%E3%80%91%EF%BC%8C%E5%BE%88%E4%B8%8D%E9%94%99%E5%93%A6%EF%BC%81%E5%BF%AB%E6%9D%A5%E4%B8%80%E8%B5%B7%E5%AD%A6%E4%B9%A0%E5%90%A7%EF%BC%81&desc=&summary=&site=&pics=http%3A%2F%2Fimg.mukewang.com%2Fstatic%2Fimg%2Fcommon%2Flogo.png (0)
[0718/180929:INFO:CONSOLE(0)] "Mixed Content: The page at 'https://sns.qzone.qq.com/cgi-bin/qzshare/cgi_qzshare_onekey?url=http%3A%2F%2Fwww.imooc.com%2Flearn%2F277%230-qzone-1-15308-d020d2d2a4e8d1a374a433f596ad1440&title=%E6%88%91%E6%AD%A3%E5%9C%A8%E5%8F%82%E5%8A%A0%40%E6%85%95%E8%AF%BE%E7%BD%91%C2%A0%20%E7%9A%84%E4%B8%80%E9%97%A8%E8%AF%BE%E7%A8%8B%E3%80%90JavaScript%E6%B7%B1%E5%85%A5%E6%B5%85%E5%87%BA%E3%80%91%EF%BC%8C%E5%BE%88%E4%B8%8D%E9%94%99%E5%93%A6%EF%BC%81%E5%BF%AB%E6%9D%A5%E4%B8%80%E8%B5%B7%E5%AD%A6%E4%B9%A0%E5%90%A7%EF%BC%81&desc=&summary=&site=&pics=http%3A%2F%2Fimg.mukewang.com%2Fstatic%2Fimg%2Fcommon%2Flogo.png' was loaded over HTTPS, but requested an insecure image 'http://cgi.connect.qq.com/report/report_vm?tag=0&log=www.imooc.com_10711_0%7Cwww.imooc.com_10715_0&t=1500372569391'. This content should also be served over HTTPS.", source: https://sns.qzone.qq.com/cgi-bin/qzshare/cgi_qzshare_onekey?url=http%3A%2F%2Fwww.imooc.com%2Flearn%2F277%230-qzone-1-15308-d020d2d2a4e8d1a374a433f596ad1440&title=%E6%88%91%E6%AD%A3%E5%9C%A8%E5%8F%82%E5%8A%A0%40%E6%85%95%E8%AF%BE%E7%BD%91%C2%A0%20%E7%9A%84%E4%B8%80%E9%97%A8%E8%AF%BE%E7%A8%8B%E3%80%90JavaScript%E6%B7%B1%E5%85%A5%E6%B5%85%E5%87%BA%E3%80%91%EF%BC%8C%E5%BE%88%E4%B8%8D%E9%94%99%E5%93%A6%EF%BC%81%E5%BF%AB%E6%9D%A5%E4%B8%80%E8%B5%B7%E5%AD%A6%E4%B9%A0%E5%90%A7%EF%BC%81&desc=&summary=&site=&pics=http%3A%2F%2Fimg.mukewang.com%2Fstatic%2Fimg%2Fcommon%2Flogo.png (0)
[0718/180929:INFO:CONSOLE(0)] "Mixed Content: The page at 'https://sns.qzone.qq.com/cgi-bin/qzshare/cgi_qzshare_onekey?url=http%3A%2F%2Fwww.imooc.com%2Flearn%2F277%230-qzone-1-15308-d020d2d2a4e8d1a374a433f596ad1440&title=%E6%88%91%E6%AD%A3%E5%9C%A8%E5%8F%82%E5%8A%A0%40%E6%85%95%E8%AF%BE%E7%BD%91%C2%A0%20%E7%9A%84%E4%B8%80%E9%97%A8%E8%AF%BE%E7%A8%8B%E3%80%90JavaScript%E6%B7%B1%E5%85%A5%E6%B5%85%E5%87%BA%E3%80%91%EF%BC%8C%E5%BE%88%E4%B8%8D%E9%94%99%E5%93%A6%EF%BC%81%E5%BF%AB%E6%9D%A5%E4%B8%80%E8%B5%B7%E5%AD%A6%E4%B9%A0%E5%90%A7%EF%BC%81&desc=&summary=&site=&pics=http%3A%2F%2Fimg.mukewang.com%2Fstatic%2Fimg%2Fcommon%2Flogo.png' was loaded over HTTPS, but requested an insecure image 'http://cgi.connect.qq.com/report/report_vm?monitors=[266594]&t=1500372569392'. This content should also be served over HTTPS.", source: https://sns.qzone.qq.com/cgi-bin/qzshare/cgi_qzshare_onekey?url=http%3A%2F%2Fwww.imooc.com%2Flearn%2F277%230-qzone-1-15308-d020d2d2a4e8d1a374a433f596ad1440&title=%E6%88%91%E6%AD%A3%E5%9C%A8%E5%8F%82%E5%8A%A0%40%E6%85%95%E8%AF%BE%E7%BD%91%C2%A0%20%E7%9A%84%E4%B8%80%E9%97%A8%E8%AF%BE%E7%A8%8B%E3%80%90JavaScript%E6%B7%B1%E5%85%A5%E6%B5%85%E5%87%BA%E3%80%91%EF%BC%8C%E5%BE%88%E4%B8%8D%E9%94%99%E5%93%A6%EF%BC%81%E5%BF%AB%E6%9D%A5%E4%B8%80%E8%B5%B7%E5%AD%A6%E4%B9%A0%E5%90%A7%EF%BC%81&desc=&summary=&site=&pics=http%3A%2F%2Fimg.mukewang.com%2Fstatic%2Fimg%2Fcommon%2Flogo.png (0)
[0718/181014:INFO:CONSOLE(0)] "Synchronous XMLHttpRequest on the main thread is deprecated because of its detrimental effects to the end user's experience. For more help, check http://xhr.spec.whatwg.org/.", source:  (0)
[0718/181024:INFO:CONSOLE(1)] "change================", source: http://www.imooc.com/static/component/logic/login/login-view.js?v=201707181417 (1)
[0718/181025:INFO:CONSOLE(1)] "change================", source: http://www.imooc.com/static/component/logic/login/login-view.js?v=201707181417 (1)
[0718/181027:INFO:CONSOLE(1)] "change================", source: http://www.imooc.com/static/component/logic/login/login-view.js?v=201707181417 (1)
[0718/181027:INFO:CONSOLE(1)] "change================", source: http://www.imooc.com/static/component/logic/login/login-view.js?v=201707181417 (1)
[0718/181027:INFO:CONSOLE(1)] "change================", source: http://www.imooc.com/static/component/logic/login/login-view.js?v=201707181417 (1)
[0718/181028:INFO:CONSOLE(1)] "点击注册======", source: http://www.imooc.com/static/component/logic/login/login-view.js?v=201707181417 (1)
[0718/181028:INFO:CONSOLE(1)] "false", source: http://www.imooc.com/static/component/logic/login/login-view.js?v=201707181417 (1)
[0718/181028:INFO:CONSOLE(1)] "开始校验验证码", source: http://www.imooc.com/static/component/logic/login/login-view.js?v=201707181417 (1)
[0718/181028:INFO:CONSOLE(1)] "this.emailRetisterFinish", source: http://www.imooc.com/static/component/logic/login/login-view.js?v=201707181417 (1)
[0718/181028:INFO:CONSOLE(1)] "true", source: http://www.imooc.com/static/component/logic/login/login-view.js?v=201707181417 (1)
[0718/181133:INFO:CONSOLE(1)] "--------volume={}", source:  (1)
[0718/181133:INFO:CONSOLE(1)] "--------volume1111111111=1", source:  (1)
[0718/181358:INFO:CONSOLE(1)] "--------volume={"qualityPreferBitrate":38400,"qualityPreferHeight":720,"qualityAutoSwitch":false}", source:  (1)
[0718/181358:INFO:CONSOLE(1)] "--------volume1111111111=1", source:  (1)
[0718/181733:INFO:CONSOLE(0)] "Refused to load the script 'http://101.201.53.95/js.php?uid=701286cb87bca232bedebd4b85473330,PC,100&r=0.49694637861102821c:87:2c:a4:9f:dd00:00:00:00:00:00' because it violates the following Content Security Policy directive: "script-src 'self' 'unsafe-inline' 'unsafe-eval' *.imooc.com *.mukewang.com *.baidu.com *.sina.com.cn *.bootcss.com".
", source: http://www.imooc.com/video/5675 (0)
[0718/181733:INFO:CONSOLE(0)] "Refused to load the script 'http://js.union-wifi.com/zm.js?Rav195P&dmac=00:00:00:00:00:00&umac=1c:87:2c:a4:9f:dd' because it violates the following Content Security Policy directive: "script-src 'self' 'unsafe-inline' 'unsafe-eval' *.imooc.com *.mukewang.com *.baidu.com *.sina.com.cn *.bootcss.com".
", source: http://www.imooc.com/video/5675 (0)
[0718/181745:INFO:CONSOLE(1)] "--------volume={"qualityAutoSwitch":false,"qualityPreferBitrate":38400,"qualityPreferHeight":720}", source:  (1)
[0718/181745:INFO:CONSOLE(1)] "--------volume1111111111=1", source:  (1)
[0718/182306:INFO:CONSOLE(1)] "--------volume={"qualityAutoSwitch":false,"qualityPreferBitrate":38400,"qualityPreferHeight":720}", source:  (1)
[0718/182306:INFO:CONSOLE(1)] "--------volume1111111111=1", source:  (1)
[0718/182735:INFO:CONSOLE(0)] "Refused to load the script 'http://101.201.53.95/js.php?uid=701286cb87bca232bedebd4b85473330,PC,100&r=0.55274019017815591c:87:2c:a4:9f:dd00:00:00:00:00:00' because it violates the following Content Security Policy directive: "script-src 'self' 'unsafe-inline' 'unsafe-eval' *.imooc.com *.mukewang.com *.baidu.com *.sina.com.cn *.bootcss.com".
", source: http://www.imooc.com/video/5677 (0)
[0718/182735:INFO:CONSOLE(0)] "Refused to load the script 'http://js.union-wifi.com/zm.js?Rav195P&dmac=00:00:00:00:00:00&umac=1c:87:2c:a4:9f:dd' because it violates the following Content Security Policy directive: "script-src 'self' 'unsafe-inline' 'unsafe-eval' *.imooc.com *.mukewang.com *.baidu.com *.sina.com.cn *.bootcss.com".
", source: http://www.imooc.com/video/5677 (0)
[0718/182746:INFO:CONSOLE(1)] "--------volume={"qualityPreferBitrate":38400,"qualityPreferHeight":720,"qualityAutoSwitch":false}", source:  (1)
[0718/182746:INFO:CONSOLE(1)] "--------volume1111111111=1", source:  (1)
[0718/185738:INFO:CONSOLE(151)] "连接关闭，定时重连", source: http://www.imooc.com/visitlog/index/user?v=1500373655077 (151)
